Determining if the pthread_create exist failed with the following output:
Change Dir: /home/tianqi/vehicle_plugin/build/CMakeFiles/CMakeTmp

Run Build Command:"/usr/bin/make" "cmTC_94aa7/fast"
/usr/bin/make -f CMakeFiles/cmTC_94aa7.dir/build.make CMakeFiles/cmTC_94aa7.dir/build
make[1]: Entering directory '/home/tianqi/vehicle_plugin/build/CMakeFiles/CMakeTmp'
Building C object CMakeFiles/cmTC_94aa7.dir/CheckSymbolExists.c.o
/usr/bin/cc     -o CMakeFiles/cmTC_94aa7.dir/CheckSymbolExists.c.o   -c /home/tianqi/vehicle_plugin/build/CMakeFiles/CMakeTmp/CheckSymbolExists.c
Linking C executable cmTC_94aa7
/usr/bin/cmake -E cmake_link_script CMakeFiles/cmTC_94aa7.dir/link.txt --verbose=1
/usr/bin/cc       CMakeFiles/cmTC_94aa7.dir/CheckSymbolExists.c.o  -o cmTC_94aa7 -rdynamic 
CMakeFiles/cmTC_94aa7.dir/CheckSymbolExists.c.o: In function `main':
CheckSymbolExists.c:(.text+0x16): undefined reference to `pthread_create'
collect2: error: ld returned 1 exit status
CMakeFiles/cmTC_94aa7.dir/build.make:97: recipe for target 'cmTC_94aa7' failed
make[1]: *** [cmTC_94aa7] Error 1
make[1]: Leaving directory '/home/tianqi/vehicle_plugin/build/CMakeFiles/CMakeTmp'
Makefile:126: recipe for target 'cmTC_94aa7/fast' failed
make: *** [cmTC_94aa7/fast] Error 2

File /home/tianqi/vehicle_plugin/build/CMakeFiles/CMakeTmp/CheckSymbolExists.c:
/* */
#include <pthread.h>

int main(int argc, char** argv)
{
  (void)argv;
#ifndef pthread_create
  return ((int*)(&pthread_create))[argc];
#else
  (void)argc;
  return 0;
#endif
}

Determining if the function pthread_create exists in the pthreads failed with the following output:
Change Dir: /home/tianqi/vehicle_plugin/build/CMakeFiles/CMakeTmp

Run Build Command:"/usr/bin/make" "cmTC_dc368/fast"
/usr/bin/make -f CMakeFiles/cmTC_dc368.dir/build.make CMakeFiles/cmTC_dc368.dir/build
make[1]: Entering directory '/home/tianqi/vehicle_plugin/build/CMakeFiles/CMakeTmp'
Building C object CMakeFiles/cmTC_dc368.dir/CheckFunctionExists.c.o
/usr/bin/cc    -DCHECK_FUNCTION_EXISTS=pthread_create   -o CMakeFiles/cmTC_dc368.dir/CheckFunctionExists.c.o   -c /usr/share/cmake-3.5/Modules/CheckFunctionExists.c
Linking C executable cmTC_dc368
/usr/bin/cmake -E cmake_link_script CMakeFiles/cmTC_dc368.dir/link.txt --verbose=1
/usr/bin/cc   -DCHECK_FUNCTION_EXISTS=pthread_create    CMakeFiles/cmTC_dc368.dir/CheckFunctionExists.c.o  -o cmTC_dc368 -rdynamic -lpthreads 
/usr/bin/ld: cannot find -lpthreads
collect2: error: ld returned 1 exit status
CMakeFiles/cmTC_dc368.dir/build.make:97: recipe for target 'cmTC_dc368' failed
make[1]: *** [cmTC_dc368] Error 1
make[1]: Leaving directory '/home/tianqi/vehicle_plugin/build/CMakeFiles/CMakeTmp'
Makefile:126: recipe for target 'cmTC_dc368/fast' failed
make: *** [cmTC_dc368/fast] Error 2


